Determining if the function itoa exists failed with the following output:
Change Dir: /Users/vivswan/Desktop/OSU/experiments/ViZDoom/CMakeFiles/CMakeTmp

Run Build Command(s):/usr/bin/make cmTC_0d6d0/fast 
/Library/Developer/CommandLineTools/usr/bin/make -f CMakeFiles/cmTC_0d6d0.dir/build.make CMakeFiles/cmTC_0d6d0.dir/build
Building C object CMakeFiles/cmTC_0d6d0.dir/CheckFunctionExists.c.o
/Library/Developer/CommandLineTools/usr/bin/cc   -Wall -Wno-pointer-sign -Wno-uninitialized -Wno-unused-but-set-variable -DCHECK_FUNCTION_EXISTS=itoa -isysroot /Library/Developer/CommandLineTools/SDKs/MacOSX10.14.sdk   -o CMakeFiles/cmTC_0d6d0.dir/CheckFunctionExists.c.o   -c /Users/vivswan/anaconda3/share/cmake-3.14/Modules/CheckFunctionExists.c
warning: unknown warning option '-Wno-unused-but-set-variable'; did you mean '-Wno-unused-const-variable'? [-Wunknown-warning-option]
1 warning generated.
Linking C executable cmTC_0d6d0
/Users/vivswan/anaconda3/bin/cmake -E cmake_link_script CMakeFiles/cmTC_0d6d0.dir/link.txt --verbose=1
/Library/Developer/CommandLineTools/usr/bin/cc   -Wall -Wno-pointer-sign -Wno-uninitialized -Wno-unused-but-set-variable -DCHECK_FUNCTION_EXISTS=itoa -isysroot /Library/Developer/CommandLineTools/SDKs/MacOSX10.14.sdk -Wl,-search_paths_first -Wl,-headerpad_max_install_names   CMakeFiles/cmTC_0d6d0.dir/CheckFunctionExists.c.o  -o cmTC_0d6d0 
Undefined symbols for architecture x86_64:
  "_itoa", referenced from:
      _main in CheckFunctionExists.c.o
ld: symbol(s) not found for architecture x86_64
clang: error: linker command failed with exit code 1 (use -v to see invocation)
make[1]: *** [cmTC_0d6d0] Error 1
make: *** [cmTC_0d6d0/fast] Error 2


Determining if the function filelength exists failed with the following output:
Change Dir: /Users/vivswan/Desktop/OSU/experiments/ViZDoom/CMakeFiles/CMakeTmp

Run Build Command(s):/usr/bin/make cmTC_8b79a/fast 
/Library/Developer/CommandLineTools/usr/bin/make -f CMakeFiles/cmTC_8b79a.dir/build.make CMakeFiles/cmTC_8b79a.dir/build
Building C object CMakeFiles/cmTC_8b79a.dir/CheckFunctionExists.c.o
/Library/Developer/CommandLineTools/usr/bin/cc   -Wall -Wextra -Wno-unused -Wno-unused-parameter -Wno-missing-field-initializers -Wno-unused-result   -DCHECK_FUNCTION_EXISTS=filelength -isysroot /Library/Developer/CommandLineTools/SDKs/MacOSX10.14.sdk   -o CMakeFiles/cmTC_8b79a.dir/CheckFunctionExists.c.o   -c /Users/vivswan/anaconda3/share/cmake-3.14/Modules/CheckFunctionExists.c
Linking C executable cmTC_8b79a
/Users/vivswan/anaconda3/bin/cmake -E cmake_link_script CMakeFiles/cmTC_8b79a.dir/link.txt --verbose=1
/Library/Developer/CommandLineTools/usr/bin/cc -Wall -Wextra -Wno-unused -Wno-unused-parameter -Wno-missing-field-initializers -Wno-unused-result   -DCHECK_FUNCTION_EXISTS=filelength -isysroot /Library/Developer/CommandLineTools/SDKs/MacOSX10.14.sdk -Wl,-search_paths_first -Wl,-headerpad_max_install_names   CMakeFiles/cmTC_8b79a.dir/CheckFunctionExists.c.o  -o cmTC_8b79a 
Undefined symbols for architecture x86_64:
  "_filelength", referenced from:
      _main in CheckFunctionExists.c.o
ld: symbol(s) not found for architecture x86_64
clang: error: linker command failed with exit code 1 (use -v to see invocation)
make[1]: *** [cmTC_8b79a] Error 1
make: *** [cmTC_8b79a/fast] Error 2


Determining if the function strupr exists failed with the following output:
Change Dir: /Users/vivswan/Desktop/OSU/experiments/ViZDoom/CMakeFiles/CMakeTmp

Run Build Command(s):/usr/bin/make cmTC_37724/fast 
/Library/Developer/CommandLineTools/usr/bin/make -f CMakeFiles/cmTC_37724.dir/build.make CMakeFiles/cmTC_37724.dir/build
Building C object CMakeFiles/cmTC_37724.dir/CheckFunctionExists.c.o
/Library/Developer/CommandLineTools/usr/bin/cc   -Wall -Wextra -Wno-unused -Wno-unused-parameter -Wno-missing-field-initializers -Wno-unused-result   -DCHECK_FUNCTION_EXISTS=strupr -isysroot /Library/Developer/CommandLineTools/SDKs/MacOSX10.14.sdk   -o CMakeFiles/cmTC_37724.dir/CheckFunctionExists.c.o   -c /Users/vivswan/anaconda3/share/cmake-3.14/Modules/CheckFunctionExists.c
Linking C executable cmTC_37724
/Users/vivswan/anaconda3/bin/cmake -E cmake_link_script CMakeFiles/cmTC_37724.dir/link.txt --verbose=1
/Library/Developer/CommandLineTools/usr/bin/cc -Wall -Wextra -Wno-unused -Wno-unused-parameter -Wno-missing-field-initializers -Wno-unused-result   -DCHECK_FUNCTION_EXISTS=strupr -isysroot /Library/Developer/CommandLineTools/SDKs/MacOSX10.14.sdk -Wl,-search_paths_first -Wl,-headerpad_max_install_names   CMakeFiles/cmTC_37724.dir/CheckFunctionExists.c.o  -o cmTC_37724 
Undefined symbols for architecture x86_64:
  "_strupr", referenced from:
      _main in CheckFunctionExists.c.o
ld: symbol(s) not found for architecture x86_64
clang: error: linker command failed with exit code 1 (use -v to see invocation)
make[1]: *** [cmTC_37724] Error 1
make: *** [cmTC_37724/fast] Error 2


Determining if the function stricmp exists failed with the following output:
Change Dir: /Users/vivswan/Desktop/OSU/experiments/ViZDoom/CMakeFiles/CMakeTmp

Run Build Command(s):/usr/bin/make cmTC_99245/fast 
/Library/Developer/CommandLineTools/usr/bin/make -f CMakeFiles/cmTC_99245.dir/build.make CMakeFiles/cmTC_99245.dir/build
Building C object CMakeFiles/cmTC_99245.dir/CheckFunctionExists.c.o
/Library/Developer/CommandLineTools/usr/bin/cc   -Wall -Wextra -Wno-unused -Wno-unused-parameter -Wno-missing-field-initializers -Wno-unused-result   -DCHECK_FUNCTION_EXISTS=stricmp -isysroot /Library/Developer/CommandLineTools/SDKs/MacOSX10.14.sdk   -o CMakeFiles/cmTC_99245.dir/CheckFunctionExists.c.o   -c /Users/vivswan/anaconda3/share/cmake-3.14/Modules/CheckFunctionExists.c
Linking C executable cmTC_99245
/Users/vivswan/anaconda3/bin/cmake -E cmake_link_script CMakeFiles/cmTC_99245.dir/link.txt --verbose=1
/Library/Developer/CommandLineTools/usr/bin/cc -Wall -Wextra -Wno-unused -Wno-unused-parameter -Wno-missing-field-initializers -Wno-unused-result   -DCHECK_FUNCTION_EXISTS=stricmp -isysroot /Library/Developer/CommandLineTools/SDKs/MacOSX10.14.sdk -Wl,-search_paths_first -Wl,-headerpad_max_install_names   CMakeFiles/cmTC_99245.dir/CheckFunctionExists.c.o  -o cmTC_99245 
Undefined symbols for architecture x86_64:
  "_stricmp", referenced from:
      _main in CheckFunctionExists.c.o
ld: symbol(s) not found for architecture x86_64
clang: error: linker command failed with exit code 1 (use -v to see invocation)
make[1]: *** [cmTC_99245] Error 1
make: *** [cmTC_99245/fast] Error 2


Determining if the function strnicmp exists failed with the following output:
Change Dir: /Users/vivswan/Desktop/OSU/experiments/ViZDoom/CMakeFiles/CMakeTmp

Run Build Command(s):/usr/bin/make cmTC_d24fe/fast 
/Library/Developer/CommandLineTools/usr/bin/make -f CMakeFiles/cmTC_d24fe.dir/build.make CMakeFiles/cmTC_d24fe.dir/build
Building C object CMakeFiles/cmTC_d24fe.dir/CheckFunctionExists.c.o
/Library/Developer/CommandLineTools/usr/bin/cc   -Wall -Wextra -Wno-unused -Wno-unused-parameter -Wno-missing-field-initializers -Wno-unused-result   -DCHECK_FUNCTION_EXISTS=strnicmp -isysroot /Library/Developer/CommandLineTools/SDKs/MacOSX10.14.sdk   -o CMakeFiles/cmTC_d24fe.dir/CheckFunctionExists.c.o   -c /Users/vivswan/anaconda3/share/cmake-3.14/Modules/CheckFunctionExists.c
Linking C executable cmTC_d24fe
/Users/vivswan/anaconda3/bin/cmake -E cmake_link_script CMakeFiles/cmTC_d24fe.dir/link.txt --verbose=1
/Library/Developer/CommandLineTools/usr/bin/cc -Wall -Wextra -Wno-unused -Wno-unused-parameter -Wno-missing-field-initializers -Wno-unused-result   -DCHECK_FUNCTION_EXISTS=strnicmp -isysroot /Library/Developer/CommandLineTools/SDKs/MacOSX10.14.sdk -Wl,-search_paths_first -Wl,-headerpad_max_install_names   CMakeFiles/cmTC_d24fe.dir/CheckFunctionExists.c.o  -o cmTC_d24fe 
Undefined symbols for architecture x86_64:
  "_strnicmp", referenced from:
      _main in CheckFunctionExists.c.o
ld: symbol(s) not found for architecture x86_64
clang: error: linker command failed with exit code 1 (use -v to see invocation)
make[1]: *** [cmTC_d24fe] Error 1
make: *** [cmTC_d24fe/fast] Error 2


Determining if the function clock_gettime exists in the rt failed with the following output:
Change Dir: /Users/vivswan/Desktop/OSU/experiments/ViZDoom/CMakeFiles/CMakeTmp

Run Build Command(s):/usr/bin/make cmTC_d38a5/fast 
/Library/Developer/CommandLineTools/usr/bin/make -f CMakeFiles/cmTC_d38a5.dir/build.make CMakeFiles/cmTC_d38a5.dir/build
Building C object CMakeFiles/cmTC_d38a5.dir/CheckFunctionExists.c.o
/Library/Developer/CommandLineTools/usr/bin/cc   -Wall -Wextra -Wno-unused -Wno-unused-parameter -Wno-missing-field-initializers -Wno-unused-result   -DCHECK_FUNCTION_EXISTS=clock_gettime -isysroot /Library/Developer/CommandLineTools/SDKs/MacOSX10.14.sdk   -o CMakeFiles/cmTC_d38a5.dir/CheckFunctionExists.c.o   -c /Users/vivswan/anaconda3/share/cmake-3.14/Modules/CheckFunctionExists.c
Linking C executable cmTC_d38a5
/Users/vivswan/anaconda3/bin/cmake -E cmake_link_script CMakeFiles/cmTC_d38a5.dir/link.txt --verbose=1
/Library/Developer/CommandLineTools/usr/bin/cc -Wall -Wextra -Wno-unused -Wno-unused-parameter -Wno-missing-field-initializers -Wno-unused-result   -DCHECK_FUNCTION_EXISTS=clock_gettime -isysroot /Library/Developer/CommandLineTools/SDKs/MacOSX10.14.sdk -Wl,-search_paths_first -Wl,-headerpad_max_install_names   CMakeFiles/cmTC_d38a5.dir/CheckFunctionExists.c.o  -o cmTC_d38a5 -lrt 
ld: library not found for -lrt
clang: error: linker command failed with exit code 1 (use -v to see invocation)
make[1]: *** [cmTC_d38a5] Error 1
make: *** [cmTC_d38a5/fast] Error 2


